\BOOKMARK [1][-]{section*.1}{\376\377\000N\000h\036\255\000n\000\040\000x\000\351\000t\000\040\000c\036\347\000a\000\040\000g\000i\036\243\000n\000g\000\040\000v\000i\000\352\000n}{}% 1
\BOOKMARK [1][-]{section.1}{\376\377\000T\036\324\000N\000G\000\040\000Q\000U\000A\000N\000\040\001\020\036\300\000\040\000T\000\300\000I\000\040\000\046\000\040\000C\000\324\000N\000G\000\040\000N\000G\000H\036\306}{}% 2
\BOOKMARK [2][-]{subsection.1.1}{\376\377\000B\036\321\000i\000\040\000c\036\243\000n\000h\000\040\000v\000\340\000\040\000l\000\375\000\040\000d\000o\000\040\000c\000h\036\315\000n\000\040\001\021\036\301\000\040\000t\000\340\000i}{section.1}% 3
\BOOKMARK [3][-]{subsubsection.1.1.1}{\376\377\000X\000u\000\040\000h\001\260\036\333\000n\000g\000\040\000s\036\321\000n\000g\000\040\000x\000a\000n\000h\000\040\000t\036\241\000i\000\040\000c\000\341\000c\000\040\001\021\000\364\000\040\000t\000h\036\313\000\040\000l\036\333\000n}{subsection.1.1}% 4
\BOOKMARK [3][-]{subsubsection.1.1.2}{\376\377\000V\036\245\000n\000\040\001\021\036\301\000\040\000\364\000\040\000n\000h\000i\036\305\000m\000\040\000k\000h\000\364\000n\000g\000\040\000k\000h\000\355\000\040\000v\000\340\000\040\000t\000\341\000c\000\040\001\021\036\331\000n\000g\000\040\001\021\036\277\000n\000\040\000s\036\351\000c\000\040\000k\000h\036\317\000e}{subsection.1.1}% 5
\BOOKMARK [3][-]{subsubsection.1.1.3}{\376\377\000\301\000p\000\040\000l\036\361\000c\000\040\000c\000\364\000n\000g\000\040\000v\000i\036\307\000c\000,\000\040\000s\000t\000r\000e\000s\000s\000\040\000v\000\340\000\040\000v\000a\000i\000\040\000t\000r\000\362\000\040\000t\000r\036\313\000\040\000l\000i\036\307\000u\000\040\000c\036\347\000a\000\040\000c\000\342\000y\000\040\000c\036\243\000n\000h}{subsection.1.1}% 6
\BOOKMARK [3][-]{subsubsection.1.1.4}{\376\377\000N\000h\000u\000\040\000c\036\247\000u\000\040\000m\000u\000a\000\040\000c\000\342\000y\000\040\000c\036\243\000n\000h\000\040\000t\000r\036\361\000c\000\040\000t\000u\000y\036\277\000n\000\040\000v\000\340\000\040\000k\000h\000o\036\243\000n\000g\000\040\000t\000r\036\321\000n\000g\000\040\000t\000h\036\313\000\040\000t\000r\001\260\036\335\000n\000g}{subsection.1.1}% 7
\BOOKMARK [2][-]{subsection.1.2}{\376\377\000M\036\345\000c\000\040\000t\000i\000\352\000u}{section.1}% 8
\BOOKMARK [3][-]{subsubsection.1.2.1}{\376\377\000K\000h\036\243\000o\000\040\000s\000\341\000t\000\040\000v\000\340\000\040\000p\000h\000\342\000n\000\040\000t\000\355\000c\000h\000\040\001\021\036\321\000i\000\040\000t\000h\036\347\000\040\000c\036\241\000n\000h\000\040\000t\000r\000a\000n\000h}{subsection.1.2}% 9
\BOOKMARK [3][-]{subsubsection.1.2.2}{\376\377\000T\036\325\000n\000g\000\040\000q\000u\000a\000n\000\040\000t\000h\036\313\000\040\000t\000r\001\260\036\335\000n\000g\000\040\000t\000h\001\260\001\241\000n\000g\000\040\000m\036\241\000i\000\040\001\021\000i\036\307\000n\000\040\000t\036\355\000\040\000c\000\342\000y\000\040\000c\036\243\000n\000h}{subsection.1.2}% 10
\BOOKMARK [3][-]{subsubsection.1.2.3}{\376\377\000P\000h\000\342\000n\000\040\000t\000\355\000c\000h\000\040\000c\000h\000i\000\040\000t\000i\036\277\000t\000\040\000t\036\353\000n\000g\000\040\001\021\036\321\000i\000\040\000t\000h\036\347}{subsection.1.2}% 11
\BOOKMARK [3][-]{subsubsection.1.2.4}{\376\377\000L\036\343\000i\000\040\000t\000h\036\277\000\040\000c\036\241\000n\000h\000\040\000t\000r\000a\000n\000h\000\040\000c\036\347\000a\000\040\000G\000r\000e\000e\000n\000S\000p\000a\000c\000e}{subsection.1.2}% 12
\BOOKMARK [2][-]{subsection.1.3}{\376\377\000P\000h\036\241\000m\000\040\000v\000i\000\040\000t\000h\036\361\000c\000\040\000h\000i\036\307\000n}{section.1}% 13
\BOOKMARK [2][-]{subsection.1.4}{\376\377\000K\036\277\000\040\000h\000o\036\241\000c\000h\000\040\000t\000h\036\361\000c\000\040\000h\000i\036\307\000n\000\040\000v\000\340\000\040\000p\000h\000\342\000n\000\040\000c\000\364\000n\000g}{section.1}% 14
\BOOKMARK [2][-]{subsection.1.5}{\376\377\000C\000\364\000n\000g\000\040\000n\000g\000h\036\307\000\040\000s\036\355\000\040\000d\036\345\000n\000g}{section.1}% 15
\BOOKMARK [2][-]{subsection.1.6}{\376\377\000P\000H\000P\000\040\0008\000.\0002\000\040\000v\000\340\000\040\000L\036\255\000p\000\040\000t\000r\000\354\000n\000h\000\040\000H\001\260\036\333\000n\000g\000\040\001\021\036\321\000i\000\040\000t\001\260\036\343\000n\000g\000\040\000\050\000O\000O\000P\000\051}{section.1}% 16
\BOOKMARK [3][-]{subsubsection.1.6.1}{\376\377\000T\036\325\000n\000g\000\040\000q\000u\000a\000n\000\040\000v\036\301\000\040\000P\000H\000P\000\040\0008\000.\0002}{subsection.1.6}% 17
\BOOKMARK [3][-]{subsubsection.1.6.2}{\376\377\000L\036\255\000p\000\040\000t\000r\000\354\000n\000h\000\040\000H\001\260\036\333\000n\000g\000\040\001\021\036\321\000i\000\040\000t\001\260\036\343\000n\000g\000\040\000\050\000O\000O\000P\000\051\000\040\000t\000r\000o\000n\000g\000\040\000P\000H\000P}{subsection.1.6}% 18
\BOOKMARK [2][-]{subsection.1.7}{\376\377\000K\000i\036\277\000n\000\040\000t\000r\000\372\000c\000\040\000M\000V\000C\000\040\000v\000\340\000\040\000S\000e\000r\000v\000i\000c\000e\000\040\000L\000a\000y\000e\000r}{section.1}% 19
\BOOKMARK [3][-]{subsubsection.1.7.1}{\376\377\000M\000\364\000\040\000h\000\354\000n\000h\000\040\000M\000V\000C\000\040\000\050\000M\000o\000d\000e\000l\000\040\040\023\000\040\000V\000i\000e\000w\000\040\040\023\000\040\000C\000o\000n\000t\000r\000o\000l\000l\000e\000r\000\051}{subsection.1.7}% 20
\BOOKMARK [3][-]{subsubsection.1.7.2}{\376\377\000S\000e\000r\000v\000i\000c\000e\000\040\000L\000a\000y\000e\000r\000\040\000v\000\340\000\040\000l\000\375\000\040\000d\000o\000\040\000b\036\325\000\040\000s\000u\000n\000g\000\040\000v\000\340\000o\000\040\000M\000V\000C}{subsection.1.7}% 21
\BOOKMARK [2][-]{subsection.1.8}{\376\377\000P\000D\000O\000\040\000v\000\340\000\040\000T\000r\000a\000n\000s\000a\000c\000t\000i\000o\000n\000\040\000t\000r\000o\000n\000g\000\040\000P\000H\000P}{section.1}% 22
\BOOKMARK [3][-]{subsubsection.1.8.1}{\376\377\000P\000D\000O\000\040\000\050\000P\000H\000P\000\040\000D\000a\000t\000a\000\040\000O\000b\000j\000e\000c\000t\000s\000\051}{subsection.1.8}% 23
\BOOKMARK [3][-]{subsubsection.1.8.2}{\376\377\000T\000r\000a\000n\000s\000a\000c\000t\000i\000o\000n\000\040\000v\000\340\000\040\000t\000\355\000n\000h\000\040\000A\000C\000I\000D}{subsection.1.8}% 24
\BOOKMARK [2][-]{subsection.1.9}{\376\377\000D\000o\000c\000k\000e\000r\000\040\000v\000\340\000\040\000C\000o\000n\000t\000a\000i\000n\000e\000r\000\040\000h\000\363\000a}{section.1}% 25
\BOOKMARK [3][-]{subsubsection.1.9.1}{\376\377\000C\000o\000n\000t\000a\000i\000n\000e\000r\000i\000z\000a\000t\000i\000o\000n\000\040\000l\000\340\000\040\000g\000\354\000?}{subsection.1.9}% 26
\BOOKMARK [3][-]{subsubsection.1.9.2}{\376\377\000D\000o\000c\000k\000e\000r\000\040\000s\000o\000\040\000v\036\333\000i\000\040\000M\000\341\000y\000\040\036\243\000o\000\040\000\050\000V\000i\000r\000t\000u\000a\000l\000\040\000M\000a\000c\000h\000i\000n\000e\000\051}{subsection.1.9}% 27
\BOOKMARK [3][-]{subsubsection.1.9.3}{\376\377\000L\036\343\000i\000\040\000\355\000c\000h\000\040\000c\036\347\000a\000\040\000D\000o\000c\000k\000e\000r\000\040\000t\000r\000o\000n\000g\000\040\000t\000r\000i\036\303\000n\000\040\000k\000h\000a\000i\000\040\000G\000r\000e\000e\000n\000S\000p\000a\000c\000e}{subsection.1.9}% 28
\BOOKMARK [2][-]{subsection.1.10}{\376\377\000C\000\364\000n\000g\000\040\000n\000g\000h\036\307\000\040\000F\000r\000o\000n\000t\000-\000e\000n\000d}{section.1}% 29
\BOOKMARK [3][-]{subsubsection.1.10.1}{\376\377\000H\000T\000M\000L\0005\000\040\000v\000\340\000\040\000C\000S\000S\0003}{subsection.1.10}% 30
\BOOKMARK [3][-]{subsubsection.1.10.2}{\376\377\000J\000a\000v\000a\000S\000c\000r\000i\000p\000t\000\040\000v\000\340\000\040\000A\000J\000A\000X}{subsection.1.10}% 31
\BOOKMARK [2][-]{subsection.1.11}{\376\377\000M\000y\000S\000Q\000L\000\040\000v\000\340\000\040\000t\000h\000i\036\277\000t\000\040\000k\036\277\000\040\000C\001\241\000\040\000s\036\337\000\040\000d\036\357\000\040\000l\000i\036\307\000u\000\040\000q\000u\000a\000n\000\040\000h\036\307}{section.1}% 32
\BOOKMARK [1][-]{section.2}{\376\377\000P\000H\000\302\000N\000\040\000T\000\315\000C\000H\000\040\000\046\000\040\000T\000H\000I\036\276\000T\000\040\000K\036\276}{}% 33
\BOOKMARK [2][-]{subsection.2.1}{\376\377\000P\000h\000\342\000n\000\040\000t\000\355\000c\000h\000\040\000h\036\307\000\040\000t\000h\036\321\000n\000g}{section.2}% 34
\BOOKMARK [2][-]{subsection.2.2}{\376\377\000Y\000\352\000u\000\040\000c\036\247\000u\000\040\000h\036\307\000\040\000t\000h\036\321\000n\000g}{section.2}% 35
\BOOKMARK [3][-]{subsubsection.2.2.1}{\376\377\000Y\000\352\000u\000\040\000c\036\247\000u\000\040\000c\000h\036\351\000c\000\040\000n\001\003\000n\000g}{subsection.2.2}% 36
\BOOKMARK [3][-]{subsubsection.2.2.2}{\376\377\000Y\000\352\000u\000\040\000c\036\247\000u\000\040\000p\000h\000i\000\040\000c\000h\036\351\000c\000\040\000n\001\003\000n\000g}{subsection.2.2}% 37
\BOOKMARK [2][-]{subsection.2.3}{\376\377\000T\000h\000i\036\277\000t\000\040\000k\036\277\000\040\000g\000i\000a\000o\000\040\000d\000i\036\307\000n\000\040\000\046\000\040\000l\000u\036\323\000n\000g\000\040\000m\000\340\000n\000\040\000h\000\354\000n\000h}{section.2}% 38
\BOOKMARK [2][-]{subsection.2.4}{\376\377\001\020\036\267\000c\000\040\000t\036\243\000\040\000U\000s\000e\000\040\000C\000a\000s\000e\000\040\000c\000h\000i\000\040\000t\000i\036\277\000t}{section.2}% 39
\BOOKMARK [3][-]{subsubsection.2.4.1}{\376\377\000U\000s\000e\000\040\000C\000a\000s\000e\000\040\000U\000C\000-\0000\0001\000:\000\040\001\020\001\003\000n\000g\000\040\000k\000\375\000\040\000t\000\340\000i\000\040\000k\000h\000o\036\243\000n}{subsection.2.4}% 40
\BOOKMARK [3][-]{subsubsection.2.4.2}{\376\377\000U\000s\000e\000\040\000C\000a\000s\000e\000\040\000U\000C\000-\0000\0002\000:\000\040\001\020\001\003\000n\000g\000\040\000n\000h\036\255\000p\000\040\000t\000\340\000i\000\040\000k\000h\000o\036\243\000n}{subsection.2.4}% 41
\BOOKMARK [3][-]{subsubsection.2.4.3}{\376\377\000U\000s\000e\000\040\000C\000a\000s\000e\000\040\000U\000C\000-\0000\0003\000:\000\040\000T\000h\000\352\000m\000\040\000s\036\243\000n\000\040\000p\000h\036\251\000m\000\040\000v\000\340\000o\000\040\000g\000i\036\317\000\040\000h\000\340\000n\000g}{subsection.2.4}% 42
\BOOKMARK [3][-]{subsubsection.2.4.4}{\376\377\000U\000s\000e\000\040\000C\000a\000s\000e\000\040\000U\000C\000-\0000\0004\000:\000\040\000T\000h\000a\000n\000h\000\040\000t\000o\000\341\000n\000\040\001\021\036\267\000t\000\040\000h\000\340\000n\000g\000\040\000\050\000C\000h\000e\000c\000k\000o\000u\000t\000\051}{subsection.2.4}% 43
\BOOKMARK [3][-]{subsubsection.2.4.5}{\376\377\000U\000s\000e\000\040\000C\000a\000s\000e\000\040\000U\000C\000-\0000\0005\000:\000\040\000Q\000u\036\243\000n\000\040\000l\000\375\000\040\000s\036\243\000n\000\040\000p\000h\036\251\000m\000\040\000\050\000A\000d\000m\000i\000n\000\051}{subsection.2.4}% 44
\BOOKMARK [3][-]{subsubsection.2.4.6}{\376\377\000U\000s\000e\000\040\000C\000a\000s\000e\000\040\000U\000C\000-\0000\0006\000:\000\040\000Q\000u\036\243\000n\000\040\000l\000\375\000\040\000t\036\323\000n\000\040\000k\000h\000o\000\040\000v\000\340\000\040\000N\000h\036\255\000t\000\040\000k\000\375\000\040\000k\000h\000o}{subsection.2.4}% 45
\BOOKMARK [3][-]{subsubsection.2.4.7}{\376\377\000U\000s\000e\000\040\000C\000a\000s\000e\000\040\000U\000C\000-\0000\0007\000:\000\040\000T\000h\000e\000o\000\040\000d\000\365\000i\000\040\000t\000r\036\241\000n\000g\000\040\000t\000h\000\341\000i\000\040\001\021\001\241\000n\000\040\000h\000\340\000n\000g}{subsection.2.4}% 46
\BOOKMARK [3][-]{subsubsection.2.4.8}{\376\377\000U\000s\000e\000\040\000C\000a\000s\000e\000\040\000U\000C\000-\0000\0008\000:\000\040\000Q\000u\036\243\000n\000\040\000l\000\375\000\040\000n\000g\001\260\036\335\000i\000\040\000d\000\371\000n\000g\000\040\000\050\000A\000d\000m\000i\000n\000\051}{subsection.2.4}% 47
\BOOKMARK [3][-]{subsubsection.2.4.9}{\376\377\000U\000s\000e\000\040\000C\000a\000s\000e\000\040\000U\000C\000-\0000\0009\000:\000\040\000Q\000u\036\243\000n\000\040\000l\000\375\000\040\000M\000\343\000\040\000g\000i\036\243\000m\000\040\000g\000i\000\341\000\040\000\050\000A\000d\000m\000i\000n\000\051}{subsection.2.4}% 48
\BOOKMARK [3][-]{subsubsection.2.4.10}{\376\377\000U\000s\000e\000\040\000C\000a\000s\000e\000\040\000U\000C\000-\0001\0000\000:\000\040\000C\036\255\000p\000\040\000n\000h\036\255\000t\000\040\000t\000h\000\364\000n\000g\000\040\000t\000i\000n\000\040\000c\000\341\000\040\000n\000h\000\342\000n}{subsection.2.4}% 49
\BOOKMARK [2][-]{subsection.2.5}{\376\377\000T\000h\000i\036\277\000t\000\040\000k\036\277\000\040\000x\036\355\000\040\000l\000\375\000\040\000\046\000\040\000c\036\245\000u\000\040\000t\000r\000\372\000c\000\040\000s\000o\000u\000r\000c\000e}{section.2}% 50
\BOOKMARK [3][-]{subsubsection.2.5.1}{\376\377\000M\000\364\000\040\000h\000\354\000n\000h\000\040\000M\000V\000C\000\040\000m\036\337\000\040\000r\036\331\000n\000g}{subsection.2.5}% 51
\BOOKMARK [3][-]{subsubsection.2.5.2}{\376\377\000C\000\364\000n\000g\000\040\000n\000g\000h\036\307\000\040\000s\036\355\000\040\000d\036\345\000n\000g}{subsection.2.5}% 52
\BOOKMARK [2][-]{subsection.2.6}{\376\377\000C\036\245\000u\000\040\000t\000r\000\372\000c\000\040\000m\000\343\000\040\000n\000g\000u\036\323\000n\000\040\000d\036\361\000\040\000\341\000n}{section.2}% 53
\BOOKMARK [2][-]{subsection.2.7}{\376\377\000C\001\241\000\040\000c\000h\036\277\000\040\001\021\000i\036\301\000u\000\040\000h\001\260\036\333\000n\000g\000\040\000v\000\340\000\040\000F\000r\000i\000e\000n\000d\000l\000y\000\040\000U\000R\000L}{section.2}% 54
\BOOKMARK [3][-]{subsubsection.2.7.1}{\376\377\000R\000o\000u\000t\000e\000r\000\040\000t\000\371\000y\000\040\000c\000h\036\311\000n\000h}{subsection.2.7}% 55
\BOOKMARK [3][-]{subsubsection.2.7.2}{\376\377\000C\001\241\000\040\000c\000h\036\277\000\040\000S\000l\000u\000g\000\040\000v\000\340\000\040\000S\000E\000O}{subsection.2.7}% 56
\BOOKMARK [2][-]{subsection.2.8}{\376\377\000Q\000u\000y\000\040\000t\000r\000\354\000n\000h\000\040\000n\000g\000h\000i\036\307\000p\000\040\000v\036\345}{section.2}% 57
\BOOKMARK [3][-]{subsubsection.2.8.1}{\376\377\000Q\000u\000y\000\040\000t\000r\000\354\000n\000h\000\040\000m\000u\000a\000\040\000h\000\340\000n\000g\000\040\000\050\000d\000\340\000n\000h\000\040\000c\000h\000o\000\040\000K\000h\000\341\000c\000h\000\040\000h\000\340\000n\000g\000\051}{subsection.2.8}% 58
\BOOKMARK [3][-]{subsubsection.2.8.2}{\376\377\000Q\000u\000y\000\040\000t\000r\000\354\000n\000h\000\040\000q\000u\036\243\000n\000\040\000l\000\375\000\040\001\021\001\241\000n\000\040\000h\000\340\000n\000g\000\040\000\050\000d\000\340\000n\000h\000\040\000c\000h\000o\000\040\000Q\000u\036\243\000n\000\040\000t\000r\036\313\000\040\000v\000i\000\352\000n\000\051}{subsection.2.8}% 59
\BOOKMARK [2][-]{subsection.2.9}{\376\377\000T\000h\000i\036\277\000t\000\040\000k\036\277\000\040\000c\001\241\000\040\000s\036\337\000\040\000d\036\357\000\040\000l\000i\036\307\000u}{section.2}% 60
\BOOKMARK [3][-]{subsubsection.2.9.1}{\376\377\000B\000i\036\303\000u\000\040\001\021\036\323\000\040\000T\000h\036\361\000c\000\040\000t\000h\036\303\000\040\000L\000i\000\352\000n\000\040\000k\036\277\000t\000\040\000\050\000E\000R\000D\000\051}{subsection.2.9}% 61
\BOOKMARK [3][-]{subsubsection.2.9.2}{\376\377\001\020\036\267\000c\000\040\000t\036\243\000\040\000c\000h\000i\000\040\000t\000i\036\277\000t\000\040\0001\0006\000\040\000b\036\243\000n\000g\000\040\000d\036\357\000\040\000l\000i\036\307\000u\000\040\000\050\000D\000a\000t\000a\000\040\000D\000i\000c\000t\000i\000o\000n\000a\000r\000y\000\051}{subsection.2.9}% 62
\BOOKMARK [2][-]{subsection.2.10}{\376\377\000P\000h\000\342\000n\000\040\000t\000\355\000c\000h\000\040\000t\000\355\000n\000h\000\040\000n\001\003\000n\000g\000\040\000S\036\325\000\040\001\021\036\313\000a\000\040\000c\000h\036\311}{section.2}% 63
\BOOKMARK [2][-]{subsection.2.11}{\376\377\000P\000h\000\342\000n\000\040\000t\000\355\000c\000h\000\040\000t\000h\000u\036\255\000t\000\040\000t\000o\000\341\000n\000\040\000C\000h\000e\000c\000k\000o\000u\000t\000\040\000v\000\340\000\040\000T\000\355\000n\000h\000\040\000t\000o\000\340\000n\000\040\000v\036\271\000n\000\040\000d\036\357\000\040\000l\000i\036\307\000u}{section.2}% 64
\BOOKMARK [3][-]{subsubsection.2.11.1}{\376\377\000K\036\371\000\040\000t\000h\000u\036\255\000t\000\040\000P\000D\000O\000\040\000T\000r\000a\000n\000s\000a\000c\000t\000i\000o\000n}{subsection.2.11}% 65
\BOOKMARK [3][-]{subsubsection.2.11.2}{\376\377\000Q\000u\000y\000\040\000t\000r\000\354\000n\000h\000\040\000x\036\355\000\040\000l\000\375\000\040\000c\000h\000i\000\040\000t\000i\036\277\000t}{subsection.2.11}% 66
\BOOKMARK [2][-]{subsection.2.12}{\376\377\000B\036\243\000o\000\040\000m\036\255\000t\000\040\000h\036\307\000\040\000t\000h\036\321\000n\000g}{section.2}% 67
\BOOKMARK [2][-]{subsection.2.13}{\376\377\000S\001\241\000\040\001\021\036\323\000\040\000T\000u\036\247\000n\000\040\000t\036\361\000\040\000\050\000S\000e\000q\000u\000e\000n\000c\000e\000\040\000D\000i\000a\000g\000r\000a\000m\000\051}{section.2}% 68
\BOOKMARK [2][-]{subsection.2.14}{\376\377\000S\001\241\000\040\001\021\036\323\000\040\000H\000o\036\241\000t\000\040\001\021\036\331\000n\000g\000\040\000\050\000A\000c\000t\000i\000v\000i\000t\000y\000\040\000D\000i\000a\000g\000r\000a\000m\000\051}{section.2}% 69
\BOOKMARK [1][-]{section.3}{\376\377\000C\000\300\000I\000\040\001\020\036\266\000T\000\040\040\023\000\040\000T\000R\000I\036\302\000N\000\040\000K\000H\000A\000I\000\040\040\023\000\040\000K\000I\036\302\000M\000\040\000T\000H\036\354}{}% 70
\BOOKMARK [2][-]{subsection.3.1}{\376\377\000M\000\364\000i\000\040\000t\000r\001\260\036\335\000n\000g}{section.3}% 71
\BOOKMARK [3][-]{subsubsection.3.1.1}{\376\377\000C\036\245\000u\000\040\000h\000\354\000n\000h\000\040\000D\000o\000c\000k\000e\000r}{subsection.3.1}% 72
\BOOKMARK [3][-]{subsubsection.3.1.2}{\376\377\000Q\000u\000y\000\040\000t\000r\000\354\000n\000h\000\040\000k\000h\036\337\000i\000\040\001\021\036\331\000n\000g}{subsection.3.1}% 73
\BOOKMARK [2][-]{subsection.3.2}{\376\377\000H\001\260\036\333\000n\000g\000\040\000d\036\253\000n\000\040\000c\000h\036\241\000y}{section.3}% 74
\BOOKMARK [2][-]{subsection.3.3}{\376\377\000T\000e\000s\000t\000\040\000c\000a\000s\000e\000s}{section.3}% 75
\BOOKMARK [3][-]{subsubsection.3.3.1}{\376\377\000K\000i\036\303\000m\000\040\000t\000h\036\355\000\040\000k\036\277\000t\000\040\000n\036\321\000i\000\040\000c\001\241\000\040\000s\036\337\000\040\000d\036\357\000\040\000l\000i\036\307\000u}{subsection.3.3}% 76
\BOOKMARK [3][-]{subsubsection.3.3.2}{\376\377\000K\000i\036\303\000m\000\040\000t\000h\036\355\000\040\000d\036\357\000\040\000l\000i\036\307\000u\000\040\000s\036\243\000n\000\040\000p\000h\036\251\000m}{subsection.3.3}% 77
\BOOKMARK [2][-]{subsection.3.4}{\376\377\000M\000\364\000\040\000t\036\243\000\040\000c\000\341\000c\000\040\000m\000\340\000n\000\040\000h\000\354\000n\000h\000\040\000t\000i\000\352\000u\000\040\000b\000i\036\303\000u}{section.3}% 78
\BOOKMARK [3][-]{subsubsection.3.4.1}{\376\377\000P\000h\000\342\000n\000\040\000h\036\307\000\040\000K\000h\000\341\000c\000h\000\040\000h\000\340\000n\000g\000\040\000\050\000F\000r\000o\000n\000t\000-\000e\000n\000d\000\051}{subsection.3.4}% 79
\BOOKMARK [3][-]{subsubsection.3.4.2}{\376\377\000P\000h\000\342\000n\000\040\000h\036\307\000\040\000Q\000u\036\243\000n\000\040\000t\000r\036\313\000\040\000\050\000A\000d\000m\000i\000n\000\040\000B\000a\000c\000k\000-\000e\000n\000d\000\051}{subsection.3.4}% 80
\BOOKMARK [2][-]{subsection.3.5}{\376\377\001\020\000\341\000n\000h\000\040\000g\000i\000\341\000\040\000k\036\277\000t\000\040\000q\000u\036\243}{section.3}% 81
\BOOKMARK [3][-]{subsubsection.3.5.1}{\376\377\000K\036\277\000t\000\040\000q\000u\036\243\000\040\001\021\036\241\000t\000\040\001\021\001\260\036\343\000c}{subsection.3.5}% 82
\BOOKMARK [3][-]{subsubsection.3.5.2}{\376\377\000H\036\241\000n\000\040\000c\000h\036\277\000\040\000v\000\340\000\040\000h\001\260\036\333\000n\000g\000\040\000p\000h\000\341\000t\000\040\000t\000r\000i\036\303\000n}{subsection.3.5}% 83
\BOOKMARK [2][-]{subsection.3.6}{\376\377\000K\000i\036\303\000m\000\040\000t\000h\036\355\000\040\000m\036\337\000\040\000r\036\331\000n\000g\000\040\000t\000h\000e\000o\000\040\000k\036\313\000c\000h\000\040\000b\036\243\000n\000\040\000n\000g\000h\000i\036\307\000p\000\040\000v\036\345}{section.3}% 84
\BOOKMARK [3][-]{subsubsection.3.6.1}{\376\377\000B\036\331\000\040\000t\000e\000s\000t\000\040\000c\000a\000s\000e\000\040\000c\000h\036\351\000c\000\040\000n\001\003\000n\000g}{subsection.3.6}% 85
\BOOKMARK [3][-]{subsubsection.3.6.2}{\376\377\000N\000h\036\255\000n\000\040\000x\000\351\000t\000\040\000t\036\353\000\040\000k\000i\036\303\000m\000\040\000t\000h\036\355\000\040\000n\000g\000h\000i\036\307\000p\000\040\000v\036\345}{subsection.3.6}% 86
\BOOKMARK [2][-]{subsection.3.7}{\376\377\001\020\000\341\000n\000h\000\040\000g\000i\000\341\000\040\000h\000i\036\307\000u\000\040\000n\001\003\000n\000g\000\040\000v\000\340\000\040\000k\000h\036\243\000\040\000n\001\003\000n\000g\000\040\000c\000h\036\313\000u\000\040\000t\036\243\000i}{section.3}% 87
\BOOKMARK [3][-]{subsubsection.3.7.1}{\376\377\000C\000h\036\311\000\040\000s\036\321\000\040\000p\000h\036\243\000n\000\040\000h\036\323\000i\000\040\036\337\000\040\000c\000\341\000c\000\040\000t\000r\000a\000n\000g\000\040\000c\000h\000\355\000n\000h}{subsection.3.7}% 88
\BOOKMARK [3][-]{subsubsection.3.7.2}{\376\377\000M\000\364\000\040\000p\000h\036\317\000n\000g\000\040\000t\036\243\000i\000\040\001\021\036\323\000n\000g\000\040\000t\000h\036\335\000i}{subsection.3.7}% 89
\BOOKMARK [3][-]{subsubsection.3.7.3}{\376\377\001\020\000i\036\303\000m\000\040\000n\000g\000h\036\275\000n\000\040\000v\000\340\000\040\000h\001\260\036\333\000n\000g\000\040\000t\036\321\000i\000\040\001\260\000u}{subsection.3.7}% 90
\BOOKMARK [2][-]{subsection.3.8}{\376\377\001\020\000\341\000n\000h\000\040\000g\000i\000\341\000\040\000b\036\243\000o\000\040\000m\036\255\000t\000\040\000v\000\340\000\040\000q\000u\036\243\000n\000\040\000t\000r\036\313\000\040\000r\036\347\000i\000\040\000r\000o}{section.3}% 91
\BOOKMARK [3][-]{subsubsection.3.8.1}{\376\377\000C\000\341\000c\000\040\000b\000i\036\307\000n\000\040\000p\000h\000\341\000p\000\040\000b\036\243\000o\000\040\000m\036\255\000t\000\040\001\021\000\343\000\040\000t\000r\000i\036\303\000n\000\040\000k\000h\000a\000i}{subsection.3.8}% 92
\BOOKMARK [3][-]{subsubsection.3.8.2}{\376\377\000M\000a\000\040\000t\000r\036\255\000n\000\040\000m\036\321\000i\000\040\001\021\000e\000\040\000d\036\315\000a\000\040\000v\000\340\000\040\000c\000\341\000c\000h\000\040\036\351\000n\000g\000\040\000p\000h\000\363}{subsection.3.8}% 93
\BOOKMARK [3][-]{subsubsection.3.8.3}{\376\377\000M\000a\000\040\000t\000r\036\255\000n\000\040\000r\036\347\000i\000\040\000r\000o\000\040\000d\036\361\000\040\000\341\000n}{subsection.3.8}% 94
\BOOKMARK [3][-]{subsubsection.3.8.4}{\376\377\001\020\036\313\000n\000h\000\040\000h\001\260\036\333\000n\000g\000\040\000b\036\243\000o\000\040\000m\036\255\000t\000\040\000t\000r\000o\000n\000g\000\040\000g\000i\000a\000i\000\040\001\021\000o\036\241\000n\000\040\000t\000i\036\277\000p\000\040\000t\000h\000e\000o}{subsection.3.8}% 95
\BOOKMARK [2][-]{subsection.3.9}{\376\377\000P\000h\001\260\001\241\000n\000g\000\040\000\341\000n\000\040\000t\000r\000i\036\303\000n\000\040\000k\000h\000a\000i\000\040\000t\000h\036\361\000c\000\040\000t\036\277\000\040\000v\000\340\000\040\000v\036\255\000n\000\040\000h\000\340\000n\000h\000\040\000h\036\307\000\040\000t\000h\036\321\000n\000g}{section.3}% 96
\BOOKMARK [3][-]{subsubsection.3.9.1}{\376\377\000M\000\364\000\040\000h\000\354\000n\000h\000\040\000t\000r\000i\036\303\000n\000\040\000k\000h\000a\000i\000\040\001\021\036\301\000\040\000x\000u\036\245\000t}{subsection.3.9}% 97
\BOOKMARK [3][-]{subsubsection.3.9.2}{\376\377\000S\000o\000\040\000s\000\341\000n\000h\000\040\000m\000\364\000i\000\040\000t\000r\001\260\036\335\000n\000g\000\040\000p\000h\000\341\000t\000\040\000t\000r\000i\036\303\000n\000,\000\040\000s\000t\000a\000g\000i\000n\000g\000\040\000v\000\340\000\040\000p\000r\000o\000d\000u\000c\000t\000i\000o\000n}{subsection.3.9}% 98
\BOOKMARK [3][-]{subsubsection.3.9.3}{\376\377\000Q\000u\000y\000\040\000t\000r\000\354\000n\000h\000\040\000p\000h\000\341\000t\000\040\000h\000\340\000n\000h\000\040\000p\000h\000i\000\352\000n\000\040\000b\036\243\000n}{subsection.3.9}% 99
\BOOKMARK [3][-]{subsubsection.3.9.4}{\376\377\000S\000a\000o\000\040\000l\001\260\000u\000,\000\040\000p\000h\036\345\000c\000\040\000h\036\323\000i\000\040\000v\000\340\000\040\000g\000i\000\341\000m\000\040\000s\000\341\000t}{subsection.3.9}% 100
\BOOKMARK [3][-]{subsubsection.3.9.5}{\376\377\001\257\036\333\000c\000\040\000l\001\260\036\343\000n\000g\000\040\000c\000h\000i\000\040\000p\000h\000\355\000\040\000v\036\255\000n\000\040\000h\000\340\000n\000h\000\040\000s\001\241\000\040\000b\036\331}{subsection.3.9}% 101
\BOOKMARK [2][-]{subsection.3.10}{\376\377\001\020\000\341\000n\000h\000\040\000g\000i\000\341\000\040\000t\000r\036\243\000i\000\040\000n\000g\000h\000i\036\307\000m\000\040\000n\000g\001\260\036\335\000i\000\040\000d\000\371\000n\000g\000\040\000v\000\340\000\040\000t\000\355\000n\000h\000\040\000k\000h\036\243\000\040\000t\000h\000i\000\040\000k\000i\000n\000h\000\040\000d\000o\000a\000n\000h}{section.3}% 102
\BOOKMARK [3][-]{subsubsection.3.10.1}{\376\377\000C\000h\000\342\000n\000\040\000d\000u\000n\000g\000\040\000n\000g\001\260\036\335\000i\000\040\000d\000\371\000n\000g\000\040\000m\036\345\000c\000\040\000t\000i\000\352\000u}{subsection.3.10}% 103
\BOOKMARK [3][-]{subsubsection.3.10.2}{\376\377\000C\000\341\000c\000\040\000t\000i\000\352\000u\000\040\000c\000h\000\355\000\040\000U\000X\000\040\000n\000h\000\363\000m\000\040\000s\036\355\000\040\000d\036\345\000n\000g\000\040\001\021\036\303\000\040\001\021\000\341\000n\000h\000\040\000g\000i\000\341}{subsection.3.10}% 104
\BOOKMARK [3][-]{subsubsection.3.10.3}{\376\377\000T\036\325\000n\000g\000\040\000h\036\343\000p\000\040\000p\000h\036\243\000n\000\040\000h\036\323\000i\000\040\000d\000\371\000n\000g\000\040\000t\000h\036\355}{subsection.3.10}% 105
\BOOKMARK [3][-]{subsubsection.3.10.4}{\376\377\000P\000h\000\342\000n\000\040\000t\000\355\000c\000h\000\040\000p\000h\036\305\000u\000\040\000c\000h\000u\000y\036\303\000n\000\040\001\021\036\325\000i\000\040\000g\000i\036\243\000\040\001\021\036\313\000n\000h}{subsection.3.10}% 106
\BOOKMARK [3][-]{subsubsection.3.10.5}{\376\377\000\335\000\040\000n\000g\000h\001\051\000a\000\040\000k\000i\000n\000h\000\040\000d\000o\000a\000n\000h\000\040\000c\036\347\000a\000\040\000c\000\341\000c\000\040\000c\000h\036\351\000c\000\040\000n\001\003\000n\000g\000\040\000h\000i\036\307\000n\000\040\000t\036\241\000i}{subsection.3.10}% 107
\BOOKMARK [2][-]{subsection.3.11}{\376\377\000M\000a\000\040\000t\000r\036\255\000n\000\040\000t\000r\000u\000y\000\040\000v\036\277\000t\000\040\000y\000\352\000u\000\040\000c\036\247\000u\000\040\040\023\000\040\000m\000o\000d\000u\000l\000e\000\040\040\023\000\040\000k\000i\036\303\000m\000\040\000t\000h\036\355}{section.3}% 108
\BOOKMARK [2][-]{subsection.3.12}{\376\377\000P\000h\036\345\000\040\000l\036\345\000c\000\040\000k\036\371\000\040\000t\000h\000u\036\255\000t\000:\000\040\000B\036\243\000n\000\040\001\021\036\323\000\040\000t\000u\000y\036\277\000n\000\040\000v\000\340\000\040\000p\000h\000\342\000n\000\040\000t\000\341\000c\000h\000\040\000m\000o\000d\000u\000l\000e}{section.3}% 109
\BOOKMARK [3][-]{subsubsection.3.12.1}{\376\377\000\335\000\040\000n\000g\000h\001\051\000a\000\040\000c\036\347\000a\000\040\000v\000i\036\307\000c\000\040\000m\000\364\000-\001\021\000u\000n\000\040\000h\000\363\000a}{subsection.3.12}% 110
\BOOKMARK [2][-]{subsection.3.13}{\376\377\000L\036\331\000\040\000t\000r\000\354\000n\000h\000\040\000p\000h\000\341\000t\000\040\000t\000r\000i\036\303\000n\000\040\0001\0002\000\040\000t\000h\000\341\000n\000g\000\040\000v\000\340\000\040\000c\000h\000i\036\277\000n\000\040\000l\001\260\036\343\000c\000\040\000m\036\337\000\040\000r\036\331\000n\000g\000\040\000s\036\243\000n\000\040\000p\000h\036\251\000m}{section.3}% 111
\BOOKMARK [3][-]{subsubsection.3.13.1}{\376\377\000N\000g\000u\000y\000\352\000n\000\040\000t\036\257\000c\000\040\001\260\000u\000\040\000t\000i\000\352\000n\000\040\000p\000h\000\341\000t\000\040\000t\000r\000i\036\303\000n}{subsection.3.13}% 112
\BOOKMARK [3][-]{subsubsection.3.13.2}{\376\377\000R\000o\000a\000d\000m\000a\000p\000\040\000p\000h\000\341\000t\000\040\000t\000r\000i\036\303\000n\000\040\000t\000h\000e\000o\000\040\000q\000u\000\375}{subsection.3.13}% 113
\BOOKMARK [3][-]{subsubsection.3.13.3}{\376\377\000B\036\243\000n\000\040\001\021\036\323\000\040\001\260\000u\000\040\000t\000i\000\352\000n\000\040\000t\000\355\000n\000h\000\040\000n\001\003\000n\000g\000\040\000t\000h\000e\000o\000\040\000g\000i\000\341\000\040\000t\000r\036\313\000\040\000k\000i\000n\000h\000\040\000d\000o\000a\000n\000h}{subsection.3.13}% 114
\BOOKMARK [3][-]{subsubsection.3.13.4}{\376\377\000C\000\341\000c\000\040\000c\000h\036\311\000\040\000s\036\321\000\040\000K\000P\000I\000\040\001\021\036\301\000\040\000x\000u\036\245\000t\000\040\000t\000h\000e\000o\000\040\000g\000i\000a\000i\000\040\001\021\000o\036\241\000n}{subsection.3.13}% 115
\BOOKMARK [3][-]{subsubsection.3.13.5}{\376\377\000N\000h\000u\000\040\000c\036\247\000u\000\040\000n\000h\000\342\000n\000\040\000s\036\361\000\040\000v\000\340\000\040\000p\000h\000\342\000n\000\040\000c\000\364\000n\000g\000\040\000v\000a\000i\000\040\000t\000r\000\362\000\040\000k\000h\000i\000\040\000m\036\337\000\040\000r\036\331\000n\000g}{subsection.3.13}% 116
\BOOKMARK [2][-]{subsection.3.14}{\376\377\000P\000h\036\345\000\040\000l\036\345\000c\000\040\000p\000h\000\342\000n\000\040\000t\000\355\000c\000h\000\040\000d\036\357\000\040\000l\000i\036\307\000u\000\040\000v\000\340\000\040\001\021\036\313\000n\000h\000\040\000h\001\260\036\333\000n\000g\000\040\000t\000\355\000c\000h\000\040\000h\036\343\000p\000\040\000t\001\260\001\241\000n\000g\000\040\000l\000a\000i}{section.3}% 117
\BOOKMARK [3][-]{subsubsection.3.14.1}{\376\377\000B\036\243\000n\000\040\001\021\036\323\000\040\000t\000h\036\361\000c\000\040\000t\000h\036\303\000\040\000d\036\357\000\040\000l\000i\036\307\000u\000\040\000c\036\321\000t\000\040\000l\000\365\000i}{subsection.3.14}% 118
\BOOKMARK [3][-]{subsubsection.3.14.2}{\376\377\000C\000\341\000c\000\040\000l\000u\036\323\000n\000g\000\040\000t\000\355\000c\000h\000\040\000h\036\343\000p\000\040\000b\000\352\000n\000\040\000n\000g\000o\000\340\000i\000\040\000n\000\352\000n\000\040\001\021\001\260\036\343\000c\000\040\001\260\000u\000\040\000t\000i\000\352\000n}{subsection.3.14}% 119
\BOOKMARK [3][-]{subsubsection.3.14.3}{\376\377\000H\036\307\000\040\000s\036\361\000\040\000k\000i\036\307\000n\000\040\000v\000\340\000\040\000d\036\357\000\040\000l\000i\036\307\000u\000\040\000p\000h\000\342\000n\000\040\000t\000\355\000c\000h\000\040\000c\036\247\000n\000\040\000t\000h\000u\000\040\000t\000h\036\255\000p}{subsection.3.14}% 120
\BOOKMARK [3][-]{subsubsection.3.14.4}{\376\377\000K\000h\036\243\000\040\000n\001\003\000n\000g\000\040\000m\036\337\000\040\000r\036\331\000n\000g\000\040\000s\000a\000n\000g\000\040\000m\000\364\000\040\000h\000\354\000n\000h\000\040\000o\000m\000n\000i\000c\000h\000a\000n\000n\000e\000l}{subsection.3.14}% 121
\BOOKMARK [3][-]{subsubsection.3.14.5}{\376\377\000G\000i\000\341\000\040\000t\000r\036\313\000\040\000h\036\315\000c\000\040\000t\000h\000u\036\255\000t\000\040\000c\036\347\000a\000\040\000p\000h\036\247\000n\000\040\000p\000h\036\345\000\040\000l\036\345\000c\000\040\000d\036\357\000\040\000l\000i\036\307\000u}{subsection.3.14}% 122
\BOOKMARK [1][-]{section.4}{\376\377\000K\036\276\000T\000\040\000L\000U\036\254\000N\000\040\000\046\000\040\000H\001\257\036\332\000N\000G\000\040\000P\000H\000\301\000T\000\040\000T\000R\000I\036\302\000N}{}% 123
\BOOKMARK [2][-]{subsection.4.1}{\376\377\001\020\000\341\000n\000h\000\040\000g\000i\000\341\000\040\000k\036\277\000t\000\040\000q\000u\036\243}{section.4}% 124
\BOOKMARK [3][-]{subsubsection.4.1.1}{\376\377\001\257\000u\000\040\001\021\000i\036\303\000m\000\040\000v\036\301\000\040\000K\036\371\000\040\000t\000h\000u\036\255\000t\000\040\000v\000\340\000\040\000H\036\241\000\040\000t\036\247\000n\000g}{subsection.4.1}% 125
\BOOKMARK [3][-]{subsubsection.4.1.2}{\376\377\001\257\000u\000\040\001\021\000i\036\303\000m\000\040\000v\036\301\000\040\000C\000h\036\351\000c\000\040\000n\001\003\000n\000g\000\040\000v\000\340\000\040\000T\000r\036\243\000i\000\040\000n\000g\000h\000i\036\307\000m\000\040\000n\000g\001\260\036\335\000i\000\040\000d\000\371\000n\000g}{subsection.4.1}% 126
\BOOKMARK [3][-]{subsubsection.4.1.3}{\376\377\001\020\036\321\000i\000\040\000c\000h\000i\036\277\000u\000\040\000v\036\333\000i\000\040\000m\036\345\000c\000\040\000t\000i\000\352\000u\000\040\000b\000a\000n\000\040\001\021\036\247\000u}{subsection.4.1}% 127
\BOOKMARK [2][-]{subsection.4.2}{\376\377\000H\036\241\000n\000\040\000c\000h\036\277\000\040\000c\036\347\000a\000\040\001\021\036\301\000\040\000t\000\340\000i}{section.4}% 128
\BOOKMARK [2][-]{subsection.4.3}{\376\377\000H\001\260\036\333\000n\000g\000\040\000p\000h\000\341\000t\000\040\000t\000r\000i\036\303\000n\000\040\000t\001\260\001\241\000n\000g\000\040\000l\000a\000i}{section.4}% 129
\BOOKMARK [2][-]{subsection.4.4}{\376\377\000B\000\340\000i\000\040\000h\036\315\000c\000\040\000k\000i\000n\000h\000\040\000n\000g\000h\000i\036\307\000m}{section.4}% 130
\BOOKMARK [2][-]{subsection.4.5}{\376\377\000L\036\335\000i\000\040\000k\036\277\000t}{section.4}% 131
